<?xml version="1.0" encoding="UTF-8"?>
<!-- Generated by org.testng.reporters.JUnitReportReporter -->
<testsuite hostname="LAPTOP-3FARVQ4Q" name="AccountManagementOperations.GetFullAccountByAccountNumber" tests="1" failures="0" timestamp="10 May 2019 11:31:52 GMT" time="4.042" errors="0">
  <testcase name="Test" time="4.042" classname="AccountManagementOperations.GetFullAccountByAccountNumber"/>
</testsuite> <!-- AccountManagementOperations.GetFullAccountByAccountNumber -->
