<?xml version="1.0" encoding="UTF-8"?>
<!-- Generated by org.testng.reporters.JUnitReportReporter -->
<testsuite hostname="LAPTOP-3FARVQ4Q" name="GetAccountByAccountNumber.Status404Validation" tests="1" failures="0" timestamp="14 May 2019 13:33:38 GMT" time="4.278" errors="0">
  <testcase name="Test" time="4.278" classname="GetAccountByAccountNumber.Status404Validation"/>
</testsuite> <!-- GetAccountByAccountNumber.Status404Validation -->
