<?xml version="1.0" encoding="UTF-8"?>
<!-- Generated by org.testng.reporters.JUnitReportReporter -->
<testsuite hostname="LAPTOP-3FARVQ4Q" name="GetAccountCustomerNameLookup.Status200Validation" tests="1" failures="0" timestamp="14 May 2019 13:33:38 GMT" time="1.666" errors="0">
  <testcase name="Test" time="1.666" classname="GetAccountCustomerNameLookup.Status200Validation"/>
</testsuite> <!-- GetAccountCustomerNameLookup.Status200Validation -->
