<?xml version="1.0" encoding="UTF-8"?>
<!-- Generated by org.testng.reporters.JUnitReportReporter -->
<testsuite hostname="LAPTOP-3FARVQ4Q" name="GetCustomerAccountStatement.Status400Validation" tests="1" failures="0" timestamp="12 May 2019 08:22:54 GMT" time="3.732" errors="0">
  <testcase name="Test" time="3.732" classname="GetCustomerAccountStatement.Status400Validation"/>
</testsuite> <!-- GetCustomerAccountStatement.Status400Validation -->
