<?xml version="1.0" encoding="UTF-8"?>
<!-- Generated by org.testng.reporters.JUnitReportReporter -->
<testsuite hostname="LAPTOP-3FARVQ4Q" name="GetByAccountAccountNumber.Status400Validation" tests="1" failures="0" timestamp="10 May 2019 11:43:17 GMT" time="4.426" errors="0">
  <testcase name="Test" time="4.426" classname="GetByAccountAccountNumber.Status400Validation"/>
</testsuite> <!-- GetByAccountAccountNumber.Status400Validation -->
