<?xml version="1.0" encoding="UTF-8"?>
<!-- Generated by org.testng.reporters.JUnitReportReporter -->
<testsuite hostname="LAPTOP-3FARVQ4Q" name="PostOpenSavingsAccount.Status400Validation" tests="1" failures="0" timestamp="13 May 2019 15:16:10 GMT" time="4.614" errors="0">
  <testcase name="Test" time="4.614" classname="PostOpenSavingsAccount.Status400Validation"/>
</testsuite> <!-- PostOpenSavingsAccount.Status400Validation -->
