<?xml version="1.0" encoding="UTF-8"?>
<!-- Generated by org.testng.reporters.JUnitReportReporter -->
<testsuite hostname="LAPTOP-3FARVQ4Q" name="PostBlockAccount.Status204Validation" tests="1" failures="0" timestamp="14 May 2019 08:27:18 GMT" time="4.892" errors="0">
  <testcase name="Test" time="4.892" classname="PostBlockAccount.Status204Validation"/>
</testsuite> <!-- PostBlockAccount.Status204Validation -->
