<?xml version="1.0" encoding="UTF-8"?>
<!-- Generated by org.testng.reporters.JUnitReportReporter -->
<testsuite hostname="LAPTOP-3FARVQ4Q" name="GetAccountCustomerNameLookup.Status404Validation" tests="1" failures="0" timestamp="14 May 2019 13:33:38 GMT" time="1.674" errors="0">
  <testcase name="Test" time="1.674" classname="GetAccountCustomerNameLookup.Status404Validation"/>
</testsuite> <!-- GetAccountCustomerNameLookup.Status404Validation -->
