<?xml version="1.0" encoding="UTF-8"?>
<!-- Generated by org.testng.reporters.JUnitReportReporter -->
<testsuite hostname="LAPTOP-3FARVQ4Q" name="Basic" tests="1" failures="0" timestamp="7 May 2019 09:15:25 GMT" time="3.371" errors="0">
  <testcase name="Test" time="3.371" classname="Basic"/>
</testsuite> <!-- Basic -->
