<?xml version="1.0" encoding="UTF-8"?>
<!-- Generated by org.testng.reporters.JUnitReportReporter -->
<testsuite hostname="LAPTOP-3FARVQ4Q" name="GetCustomerAccountStatement.Status200Validation" tests="1" failures="0" timestamp="14 May 2019 13:33:38 GMT" time="1.496" errors="0">
  <testcase name="Test" time="1.496" classname="GetCustomerAccountStatement.Status200Validation"/>
</testsuite> <!-- GetCustomerAccountStatement.Status200Validation -->
