<?xml version="1.0" encoding="UTF-8"?>
<!-- Generated by org.testng.reporters.JUnitReportReporter -->
<testsuite hostname="LAPTOP-3FARVQ4Q" name="GetCustomerAccountByPhoneNumber.Status404Validation" tests="1" failures="0" timestamp="14 May 2019 13:33:38 GMT" time="1.394" errors="0">
  <testcase name="Test" time="1.394" classname="GetCustomerAccountByPhoneNumber.Status404Validation"/>
</testsuite> <!-- GetCustomerAccountByPhoneNumber.Status404Validation -->
