<?xml version="1.0" encoding="UTF-8"?>
<!-- Generated by org.testng.reporters.JUnitReportReporter -->
<testsuite hostname="LAPTOP-3FARVQ4Q" name="PostBlockAccount.Status400Validation" tests="1" failures="0" timestamp="14 May 2019 08:31:24 GMT" time="4.070" errors="0">
  <testcase name="Test" time="4.070" classname="PostBlockAccount.Status400Validation"/>
</testsuite> <!-- PostBlockAccount.Status400Validation -->
