<?xml version="1.0" encoding="UTF-8"?>
<!-- Generated by org.testng.reporters.JUnitReportReporter -->
<testsuite hostname="LAPTOP-3FARVQ4Q" name="GetFullAccountByAccountNumber" tests="1" failures="0" timestamp="10 May 2019 10:43:36 GMT" time="3.590" errors="0">
  <testcase name="Test" time="3.590" classname="GetFullAccountByAccountNumber"/>
</testsuite> <!-- GetFullAccountByAccountNumber -->
