<?xml version="1.0" encoding="UTF-8"?>
<!-- Generated by org.testng.reporters.JUnitReportReporter -->
<testsuite hostname="LAPTOP-3FARVQ4Q" name="GetFullAccountByAccountNumber2" tests="1" failures="0" timestamp="10 May 2019 10:18:05 GMT" time="3.240" errors="0">
  <testcase name="Test" time="3.240" classname="GetFullAccountByAccountNumber2"/>
</testsuite> <!-- GetFullAccountByAccountNumber2 -->
