<?xml version="1.0" encoding="UTF-8"?>
<!-- Generated by org.testng.reporters.JUnitReportReporter -->
<testsuite hostname="LAPTOP-3FARVQ4Q" name="PostOpenSavingsAccount.Status200Validation" tests="1" failures="0" timestamp="13 May 2019 15:15:36 GMT" time="5.123" errors="0">
  <testcase name="Test" time="5.123" classname="PostOpenSavingsAccount.Status200Validation"/>
</testsuite> <!-- PostOpenSavingsAccount.Status200Validation -->
